<component name="libraryTable">
  <library name="junit_42">
    <CLASSES>
      <root url="jar://$PROJECT_DIR$/reelcash.orm/lib/junit_4/junit-4.5-api.zip!/" />
      <root url="jar://$PROJECT_DIR$/reelcash.orm/lib/junit_4/junit-4.5.jar!/" />
      <root url="jar://$PROJECT_DIR$/reelcash.orm/lib/junit_4/junit-4.5-src.jar!/" />
    </CLASSES>
    <JAVADOC />
    <SOURCES />
  </library>
</component>